#
# A fatal error has been detected by the Java Runtime Environment:
#
#  Internal Error (./open/src/hotspot/share/oops/generateOopMap.cpp:1632), pid=16672, tid=14688
#  Error: ShouldNotReachHere()
#
# JRE version: Java(TM) SE Runtime Environment 18.9 (11.0.15+8) (build 11.0.15+8-LTS-149)
# Java VM: Java HotSpot(TM) 64-Bit Server VM 18.9 (11.0.15+8-LTS-149, mixed mode, tiered, compressed oops, g1 gc, windows-amd64)
# No core dump will be written. Minidumps are not enabled by default on client versions of Windows
#
# If you would like to submit a bug report, please visit:
#   https://bugreport.java.com/bugreport/crash.jsp
#

---------------  S U M M A R Y ------------

Command Line: -agentlib:jdwp=transport=dt_socket,suspend=y,address=localhost:63087 -javaagent:C:\Users\LENOVO\eclipse\java-2022-06\eclipse\configuration\org.eclipse.osgi\215\0\.cp\lib\javaagent-shaded.jar -Dfile.encoding=UTF-8 --module-path=C:\Users\LENOVO\eclipse-workspace\CollectionAssignment\bin -Djdk.module.main=CollectionAssignment CollectionAssignment/com.collection.assignment.DuplicateElements

Host: Intel(R) Core(TM) i5-6200U CPU @ 2.30GHz, 4 cores, 7G,  Windows 10 , 64 bit Build 18362 (10.0.18362.329)
Time: Tue Jul 11 22:20:16 2023 India Standard Time elapsed time: 208.381945 seconds (0d 0h 3m 28s)

---------------  T H R E A D  ---------------

Current thread (0x000002075feec800):  VMThread "VM Thread" [stack: 0x0000000ee7000000,0x0000000ee7100000] [id=14688]

Stack: [0x0000000ee7000000,0x0000000ee7100000]
[error occurred during error reporting (printing stack bounds), id 0xc0000005, EXCEPTION_ACCESS_VIOLATION (0xc0000005) at pc=0x0000020749770f2d]

Native frames: (J=compiled Java code, j=interpreted, Vv=VM code, C=native code)
V  [jvm.dll+0x629d8a]
V  [jvm.dll+0x7638ff]
V  [jvm.dll+0x764fa9]
V  [jvm.dll+0x765595]
V  [jvm.dll+0x76554b]
V  [jvm.dll+0x629273]
V  [jvm.dll+0x629988]
C  [ntdll.dll+0xa11ff]
C  [ntdll.dll+0x6a289]
C  [ntdll.dll+0x9fe6e]
C  0x0000020749770f2d

VM_Operation (0x0000000ee7aff2c0): GetOrSetLocal, mode: safepoint, requested by thread 0x0000020760ad4800


---------------  P R O C E S S  ---------------

Threads class SMR info:
_java_thread_list=0x0000020761033c50, length=13, elements={
0x00000207408f7800, 0x000002075feef000, 0x000002075ff1b800, 0x00000207608a2800,
0x00000207608a3800, 0x000002075ff27000, 0x000002075ff36000, 0x000002075ff41000,
0x000002075ff44000, 0x000002075fea8800, 0x0000020760ad4800, 0x0000020760ada000,
0x0000020760add000
}

Java Threads: ( => current thread )
  0x00000207408f7800 JavaThread "main" [_thread_blocked, id=16036, stack(0x0000000ee6a00000,0x0000000ee6b00000)]
  0x000002075feef000 JavaThread "Reference Handler" daemon [_thread_blocked, id=864, stack(0x0000000ee7100000,0x0000000ee7200000)]
  0x000002075ff1b800 JavaThread "Finalizer" daemon [_thread_blocked, id=8008, stack(0x0000000ee7200000,0x0000000ee7300000)]
  0x00000207608a2800 JavaThread "Signal Dispatcher" daemon [_thread_blocked, id=16444, stack(0x0000000ee7300000,0x0000000ee7400000)]
  0x00000207608a3800 JavaThread "Attach Listener" daemon [_thread_blocked, id=15504, stack(0x0000000ee7400000,0x0000000ee7500000)]
  0x000002075ff27000 JavaThread "Service Thread" daemon [_thread_blocked, id=13892, stack(0x0000000ee7500000,0x0000000ee7600000)]
  0x000002075ff36000 JavaThread "C2 CompilerThread0" daemon [_thread_blocked, id=5000, stack(0x0000000ee7600000,0x0000000ee7700000)]
  0x000002075ff41000 JavaThread "C1 CompilerThread0" daemon [_thread_blocked, id=14576, stack(0x0000000ee7700000,0x0000000ee7800000)]
  0x000002075ff44000 JavaThread "Sweeper thread" daemon [_thread_blocked, id=17048, stack(0x0000000ee7800000,0x0000000ee7900000)]
  0x000002075fea8800 JavaThread "Common-Cleaner" daemon [_thread_blocked, id=5580, stack(0x0000000ee7900000,0x0000000ee7a00000)]
  0x0000020760ad4800 JavaThread "JDWP Transport Listener: dt_socket" daemon [_thread_blocked, id=8700, stack(0x0000000ee7a00000,0x0000000ee7b00000)] _threads_hazard_ptr=0x0000020761033c50
  0x0000020760ada000 JavaThread "JDWP Event Helper Thread" daemon [_thread_blocked, id=11356, stack(0x0000000ee7b00000,0x0000000ee7c00000)]
  0x0000020760add000 JavaThread "JDWP Command Reader" daemon [_thread_in_native, id=12416, stack(0x0000000ee7c00000,0x0000000ee7d00000)]

Other Threads:
=>0x000002075feec800 VMThread "VM Thread" [stack: 0x0000000ee7000000,0x0000000ee7100000] [id=14688]
  0x0000020761069800 WatcherThread [stack: 0x0000000ee7e00000,0x0000000ee7f00000] [id=15420]
  0x000002074090d800 GCTaskThread "GC Thread#0" [stack: 0x0000000ee6b00000,0x0000000ee6c00000] [id=11612]
  0x000002074093d000 ConcurrentGCThread "G1 Main Marker" [stack: 0x0000000ee6c00000,0x0000000ee6d00000] [id=16624]
  0x000002074093f000 ConcurrentGCThread "G1 Conc#0" [stack: 0x0000000ee6d00000,0x0000000ee6e00000] [id=16220]
  0x00000207409c6800 ConcurrentGCThread "G1 Refine#0" [stack: 0x0000000ee6e00000,0x0000000ee6f00000] [id=11748]
  0x000002075fd61800 ConcurrentGCThread "G1 Young RemSet Sampling" [stack: 0x0000000ee6f00000,0x0000000ee7000000] [id=10308]

Threads with active compile tasks:

VM state:at safepoint (normal execution)

VM Mutex/Monitor currently owned by a thread:  ([mutex/lock_event])
[0x00000207408f49c0] Threads_lock - owner thread: 0x000002075feec800

Heap address: 0x0000000081e00000, size: 2018 MB, Compressed Oops mode: 32-bit
Narrow klass base: 0x0000000000000000, Narrow klass shift: 3
Compressed class space size: 1073741824 Address: 0x0000000100000000

Heap:
 garbage-first heap   total 131072K, used 4096K [0x0000000081e00000, 0x0000000100000000)
  region size 1024K, 5 young (5120K), 0 survivors (0K)
 Metaspace       used 9138K, capacity 9282K, committed 9344K, reserved 1058816K
  class space    used 827K, capacity 879K, committed 896K, reserved 1048576K
Heap Regions: E=young(eden), S=young(survivor), O=old, HS=humongous(starts), HC=humongous(continues), CS=collection set, F=free, A=archive, TAMS=top-at-mark-start (previous, next)
|   0|0x0000000081e00000, 0x0000000081e00000, 0x0000000081f00000|  0%| F|  |TAMS 0x0000000081e00000, 0x0000000081e00000| Untracked 
|   1|0x0000000081f00000, 0x0000000081f00000, 0x0000000082000000|  0%| F|  |TAMS 0x0000000081f00000, 0x0000000081f00000| Untracked 
|   2|0x0000000082000000, 0x0000000082000000, 0x0000000082100000|  0%| F|  |TAMS 0x0000000082000000, 0x0000000082000000| Untracked 
|   3|0x0000000082100000, 0x0000000082100000, 0x0000000082200000|  0%| F|  |TAMS 0x0000000082100000, 0x0000000082100000| Untracked 
|   4|0x0000000082200000, 0x0000000082200000, 0x0000000082300000|  0%| F|  |TAMS 0x0000000082200000, 0x0000000082200000| Untracked 
|   5|0x0000000082300000, 0x0000000082300000, 0x0000000082400000|  0%| F|  |TAMS 0x0000000082300000, 0x0000000082300000| Untracked 
|   6|0x0000000082400000, 0x0000000082400000, 0x0000000082500000|  0%| F|  |TAMS 0x0000000082400000, 0x0000000082400000| Untracked 
|   7|0x0000000082500000, 0x0000000082500000, 0x0000000082600000|  0%| F|  |TAMS 0x0000000082500000, 0x0000000082500000| Untracked 
|   8|0x0000000082600000, 0x0000000082600000, 0x0000000082700000|  0%| F|  |TAMS 0x0000000082600000, 0x0000000082600000| Untracked 
|   9|0x0000000082700000, 0x0000000082700000, 0x0000000082800000|  0%| F|  |TAMS 0x0000000082700000, 0x0000000082700000| Untracked 
|  10|0x0000000082800000, 0x0000000082800000, 0x0000000082900000|  0%| F|  |TAMS 0x0000000082800000, 0x0000000082800000| Untracked 
|  11|0x0000000082900000, 0x0000000082900000, 0x0000000082a00000|  0%| F|  |TAMS 0x0000000082900000, 0x0000000082900000| Untracked 
|  12|0x0000000082a00000, 0x0000000082a00000, 0x0000000082b00000|  0%| F|  |TAMS 0x0000000082a00000, 0x0000000082a00000| Untracked 
|  13|0x0000000082b00000, 0x0000000082b00000, 0x0000000082c00000|  0%| F|  |TAMS 0x0000000082b00000, 0x0000000082b00000| Untracked 
|  14|0x0000000082c00000, 0x0000000082c00000, 0x0000000082d00000|  0%| F|  |TAMS 0x0000000082c00000, 0x0000000082c00000| Untracked 
|  15|0x0000000082d00000, 0x0000000082d00000, 0x0000000082e00000|  0%| F|  |TAMS 0x0000000082d00000, 0x0000000082d00000| Untracked 
|  16|0x0000000082e00000, 0x0000000082e00000, 0x0000000082f00000|  0%| F|  |TAMS 0x0000000082e00000, 0x0000000082e00000| Untracked 
|  17|0x0000000082f00000, 0x0000000082f00000, 0x0000000083000000|  0%| F|  |TAMS 0x0000000082f00000, 0x0000000082f00000| Untracked 
|  18|0x0000000083000000, 0x0000000083000000, 0x0000000083100000|  0%| F|  |TAMS 0x0000000083000000, 0x0000000083000000| Untracked 
|  19|0x0000000083100000, 0x0000000083100000, 0x0000000083200000|  0%| F|  |TAMS 0x0000000083100000, 0x0000000083100000| Untracked 
|  20|0x0000000083200000, 0x0000000083200000, 0x0000000083300000|  0%| F|  |TAMS 0x0000000083200000, 0x0000000083200000| Untracked 
|  21|0x0000000083300000, 0x0000000083300000, 0x0000000083400000|  0%| F|  |TAMS 0x0000000083300000, 0x0000000083300000| Untracked 
|  22|0x0000000083400000, 0x0000000083400000, 0x0000000083500000|  0%| F|  |TAMS 0x0000000083400000, 0x0000000083400000| Untracked 
|  23|0x0000000083500000, 0x0000000083500000, 0x0000000083600000|  0%| F|  |TAMS 0x0000000083500000, 0x0000000083500000| Untracked 
|  24|0x0000000083600000, 0x0000000083600000, 0x0000000083700000|  0%| F|  |TAMS 0x0000000083600000, 0x0000000083600000| Untracked 
|  25|0x0000000083700000, 0x0000000083700000, 0x0000000083800000|  0%| F|  |TAMS 0x0000000083700000, 0x0000000083700000| Untracked 
|  26|0x0000000083800000, 0x0000000083800000, 0x0000000083900000|  0%| F|  |TAMS 0x0000000083800000, 0x0000000083800000| Untracked 
|  27|0x0000000083900000, 0x0000000083900000, 0x0000000083a00000|  0%| F|  |TAMS 0x0000000083900000, 0x0000000083900000| Untracked 
|  28|0x0000000083a00000, 0x0000000083a00000, 0x0000000083b00000|  0%| F|  |TAMS 0x0000000083a00000, 0x0000000083a00000| Untracked 
|  29|0x0000000083b00000, 0x0000000083b00000, 0x0000000083c00000|  0%| F|  |TAMS 0x0000000083b00000, 0x0000000083b00000| Untracked 
|  30|0x0000000083c00000, 0x0000000083c00000, 0x0000000083d00000|  0%| F|  |TAMS 0x0000000083c00000, 0x0000000083c00000| Untracked 
|  31|0x0000000083d00000, 0x0000000083d00000, 0x0000000083e00000|  0%| F|  |TAMS 0x0000000083d00000, 0x0000000083d00000| Untracked 
|  32|0x0000000083e00000, 0x0000000083e00000, 0x0000000083f00000|  0%| F|  |TAMS 0x0000000083e00000, 0x0000000083e00000| Untracked 
|  33|0x0000000083f00000, 0x0000000083f00000, 0x0000000084000000|  0%| F|  |TAMS 0x0000000083f00000, 0x0000000083f00000| Untracked 
|  34|0x0000000084000000, 0x0000000084000000, 0x0000000084100000|  0%| F|  |TAMS 0x0000000084000000, 0x0000000084000000| Untracked 
|  35|0x0000000084100000, 0x0000000084100000, 0x0000000084200000|  0%| F|  |TAMS 0x0000000084100000, 0x0000000084100000| Untracked 
|  36|0x0000000084200000, 0x0000000084200000, 0x0000000084300000|  0%| F|  |TAMS 0x0000000084200000, 0x0000000084200000| Untracked 
|  37|0x0000000084300000, 0x0000000084300000, 0x0000000084400000|  0%| F|  |TAMS 0x0000000084300000, 0x0000000084300000| Untracked 
|  38|0x0000000084400000, 0x0000000084400000, 0x0000000084500000|  0%| F|  |TAMS 0x0000000084400000, 0x0000000084400000| Untracked 
|  39|0x0000000084500000, 0x0000000084500000, 0x0000000084600000|  0%| F|  |TAMS 0x0000000084500000, 0x0000000084500000| Untracked 
|  40|0x0000000084600000, 0x0000000084600000, 0x0000000084700000|  0%| F|  |TAMS 0x0000000084600000, 0x0000000084600000| Untracked 
|  41|0x0000000084700000, 0x0000000084700000, 0x0000000084800000|  0%| F|  |TAMS 0x0000000084700000, 0x0000000084700000| Untracked 
|  42|0x0000000084800000, 0x0000000084800000, 0x0000000084900000|  0%| F|  |TAMS 0x0000000084800000, 0x0000000084800000| Untracked 
|  43|0x0000000084900000, 0x0000000084900000, 0x0000000084a00000|  0%| F|  |TAMS 0x0000000084900000, 0x0000000084900000| Untracked 
|  44|0x0000000084a00000, 0x0000000084a00000, 0x0000000084b00000|  0%| F|  |TAMS 0x0000000084a00000, 0x0000000084a00000| Untracked 
|  45|0x0000000084b00000, 0x0000000084b00000, 0x0000000084c00000|  0%| F|  |TAMS 0x0000000084b00000, 0x0000000084b00000| Untracked 
|  46|0x0000000084c00000, 0x0000000084c00000, 0x0000000084d00000|  0%| F|  |TAMS 0x0000000084c00000, 0x0000000084c00000| Untracked 
|  47|0x0000000084d00000, 0x0000000084d00000, 0x0000000084e00000|  0%| F|  |TAMS 0x0000000084d00000, 0x0000000084d00000| Untracked 
|  48|0x0000000084e00000, 0x0000000084e00000, 0x0000000084f00000|  0%| F|  |TAMS 0x0000000084e00000, 0x0000000084e00000| Untracked 
|  49|0x0000000084f00000, 0x0000000084f00000, 0x0000000085000000|  0%| F|  |TAMS 0x0000000084f00000, 0x0000000084f00000| Untracked 
|  50|0x0000000085000000, 0x0000000085000000, 0x0000000085100000|  0%| F|  |TAMS 0x0000000085000000, 0x0000000085000000| Untracked 
|  51|0x0000000085100000, 0x0000000085100000, 0x0000000085200000|  0%| F|  |TAMS 0x0000000085100000, 0x0000000085100000| Untracked 
|  52|0x0000000085200000, 0x0000000085200000, 0x0000000085300000|  0%| F|  |TAMS 0x0000000085200000, 0x0000000085200000| Untracked 
|  53|0x0000000085300000, 0x0000000085300000, 0x0000000085400000|  0%| F|  |TAMS 0x0000000085300000, 0x0000000085300000| Untracked 
|  54|0x0000000085400000, 0x0000000085400000, 0x0000000085500000|  0%| F|  |TAMS 0x0000000085400000, 0x0000000085400000| Untracked 
|  55|0x0000000085500000, 0x0000000085500000, 0x0000000085600000|  0%| F|  |TAMS 0x0000000085500000, 0x0000000085500000| Untracked 
|  56|0x0000000085600000, 0x0000000085600000, 0x0000000085700000|  0%| F|  |TAMS 0x0000000085600000, 0x0000000085600000| Untracked 
|  57|0x0000000085700000, 0x0000000085700000, 0x0000000085800000|  0%| F|  |TAMS 0x0000000085700000, 0x0000000085700000| Untracked 
|  58|0x0000000085800000, 0x0000000085800000, 0x0000000085900000|  0%| F|  |TAMS 0x0000000085800000, 0x0000000085800000| Untracked 
|  59|0x0000000085900000, 0x0000000085900000, 0x0000000085a00000|  0%| F|  |TAMS 0x0000000085900000, 0x0000000085900000| Untracked 
|  60|0x0000000085a00000, 0x0000000085a00000, 0x0000000085b00000|  0%| F|  |TAMS 0x0000000085a00000, 0x0000000085a00000| Untracked 
|  61|0x0000000085b00000, 0x0000000085b00000, 0x0000000085c00000|  0%| F|  |TAMS 0x0000000085b00000, 0x0000000085b00000| Untracked 
|  62|0x0000000085c00000, 0x0000000085c00000, 0x0000000085d00000|  0%| F|  |TAMS 0x0000000085c00000, 0x0000000085c00000| Untracked 
|  63|0x0000000085d00000, 0x0000000085d00000, 0x0000000085e00000|  0%| F|  |TAMS 0x0000000085d00000, 0x0000000085d00000| Untracked 
|  64|0x0000000085e00000, 0x0000000085e00000, 0x0000000085f00000|  0%| F|  |TAMS 0x0000000085e00000, 0x0000000085e00000| Untracked 
|  65|0x0000000085f00000, 0x0000000085f00000, 0x0000000086000000|  0%| F|  |TAMS 0x0000000085f00000, 0x0000000085f00000| Untracked 
|  66|0x0000000086000000, 0x0000000086000000, 0x0000000086100000|  0%| F|  |TAMS 0x0000000086000000, 0x0000000086000000| Untracked 
|  67|0x0000000086100000, 0x0000000086100000, 0x0000000086200000|  0%| F|  |TAMS 0x0000000086100000, 0x0000000086100000| Untracked 
|  68|0x0000000086200000, 0x0000000086200000, 0x0000000086300000|  0%| F|  |TAMS 0x0000000086200000, 0x0000000086200000| Untracked 
|  69|0x0000000086300000, 0x0000000086300000, 0x0000000086400000|  0%| F|  |TAMS 0x0000000086300000, 0x0000000086300000| Untracked 
|  70|0x0000000086400000, 0x0000000086400000, 0x0000000086500000|  0%| F|  |TAMS 0x0000000086400000, 0x0000000086400000| Untracked 
|  71|0x0000000086500000, 0x0000000086500000, 0x0000000086600000|  0%| F|  |TAMS 0x0000000086500000, 0x0000000086500000| Untracked 
|  72|0x0000000086600000, 0x0000000086600000, 0x0000000086700000|  0%| F|  |TAMS 0x0000000086600000, 0x0000000086600000| Untracked 
|  73|0x0000000086700000, 0x0000000086700000, 0x0000000086800000|  0%| F|  |TAMS 0x0000000086700000, 0x0000000086700000| Untracked 
|  74|0x0000000086800000, 0x0000000086800000, 0x0000000086900000|  0%| F|  |TAMS 0x0000000086800000, 0x0000000086800000| Untracked 
|  75|0x0000000086900000, 0x0000000086900000, 0x0000000086a00000|  0%| F|  |TAMS 0x0000000086900000, 0x0000000086900000| Untracked 
|  76|0x0000000086a00000, 0x0000000086a00000, 0x0000000086b00000|  0%| F|  |TAMS 0x0000000086a00000, 0x0000000086a00000| Untracked 
|  77|0x0000000086b00000, 0x0000000086b00000, 0x0000000086c00000|  0%| F|  |TAMS 0x0000000086b00000, 0x0000000086b00000| Untracked 
|  78|0x0000000086c00000, 0x0000000086c00000, 0x0000000086d00000|  0%| F|  |TAMS 0x0000000086c00000, 0x0000000086c00000| Untracked 
|  79|0x0000000086d00000, 0x0000000086d00000, 0x0000000086e00000|  0%| F|  |TAMS 0x0000000086d00000, 0x0000000086d00000| Untracked 
|  80|0x0000000086e00000, 0x0000000086e00000, 0x0000000086f00000|  0%| F|  |TAMS 0x0000000086e00000, 0x0000000086e00000| Untracked 
|  81|0x0000000086f00000, 0x0000000086f00000, 0x0000000087000000|  0%| F|  |TAMS 0x0000000086f00000, 0x0000000086f00000| Untracked 
|  82|0x0000000087000000, 0x0000000087000000, 0x0000000087100000|  0%| F|  |TAMS 0x0000000087000000, 0x0000000087000000| Untracked 
|  83|0x0000000087100000, 0x0000000087100000, 0x0000000087200000|  0%| F|  |TAMS 0x0000000087100000, 0x0000000087100000| Untracked 
|  84|0x0000000087200000, 0x0000000087200000, 0x0000000087300000|  0%| F|  |TAMS 0x0000000087200000, 0x0000000087200000| Untracked 
|  85|0x0000000087300000, 0x0000000087300000, 0x0000000087400000|  0%| F|  |TAMS 0x0000000087300000, 0x0000000087300000| Untracked 
|  86|0x0000000087400000, 0x0000000087400000, 0x0000000087500000|  0%| F|  |TAMS 0x0000000087400000, 0x0000000087400000| Untracked 
|  87|0x0000000087500000, 0x0000000087500000, 0x0000000087600000|  0%| F|  |TAMS 0x0000000087500000, 0x0000000087500000| Untracked 
|  88|0x0000000087600000, 0x0000000087600000, 0x0000000087700000|  0%| F|  |TAMS 0x0000000087600000, 0x0000000087600000| Untracked 
|  89|0x0000000087700000, 0x0000000087700000, 0x0000000087800000|  0%| F|  |TAMS 0x0000000087700000, 0x0000000087700000| Untracked 
|  90|0x0000000087800000, 0x0000000087800000, 0x0000000087900000|  0%| F|  |TAMS 0x0000000087800000, 0x0000000087800000| Untracked 
|  91|0x0000000087900000, 0x0000000087900000, 0x0000000087a00000|  0%| F|  |TAMS 0x0000000087900000, 0x0000000087900000| Untracked 
|  92|0x0000000087a00000, 0x0000000087a00000, 0x0000000087b00000|  0%| F|  |TAMS 0x0000000087a00000, 0x0000000087a00000| Untracked 
|  93|0x0000000087b00000, 0x0000000087b00000, 0x0000000087c00000|  0%| F|  |TAMS 0x0000000087b00000, 0x0000000087b00000| Untracked 
|  94|0x0000000087c00000, 0x0000000087c00000, 0x0000000087d00000|  0%| F|  |TAMS 0x0000000087c00000, 0x0000000087c00000| Untracked 
|  95|0x0000000087d00000, 0x0000000087d00000, 0x0000000087e00000|  0%| F|  |TAMS 0x0000000087d00000, 0x0000000087d00000| Untracked 
|  96|0x0000000087e00000, 0x0000000087e00000, 0x0000000087f00000|  0%| F|  |TAMS 0x0000000087e00000, 0x0000000087e00000| Untracked 
|  97|0x0000000087f00000, 0x0000000087f00000, 0x0000000088000000|  0%| F|  |TAMS 0x0000000087f00000, 0x0000000087f00000| Untracked 
|  98|0x0000000088000000, 0x0000000088000000, 0x0000000088100000|  0%| F|  |TAMS 0x0000000088000000, 0x0000000088000000| Untracked 
|  99|0x0000000088100000, 0x0000000088100000, 0x0000000088200000|  0%| F|  |TAMS 0x0000000088100000, 0x0000000088100000| Untracked 
| 100|0x0000000088200000, 0x0000000088200000, 0x0000000088300000|  0%| F|  |TAMS 0x0000000088200000, 0x0000000088200000| Untracked 
| 101|0x0000000088300000, 0x0000000088300000, 0x0000000088400000|  0%| F|  |TAMS 0x0000000088300000, 0x0000000088300000| Untracked 
| 102|0x0000000088400000, 0x0000000088400000, 0x0000000088500000|  0%| F|  |TAMS 0x0000000088400000, 0x0000000088400000| Untracked 
| 103|0x0000000088500000, 0x0000000088500000, 0x0000000088600000|  0%| F|  |TAMS 0x0000000088500000, 0x0000000088500000| Untracked 
| 104|0x0000000088600000, 0x0000000088600000, 0x0000000088700000|  0%| F|  |TAMS 0x0000000088600000, 0x0000000088600000| Untracked 
| 105|0x0000000088700000, 0x0000000088700000, 0x0000000088800000|  0%| F|  |TAMS 0x0000000088700000, 0x0000000088700000| Untracked 
| 106|0x0000000088800000, 0x0000000088800000, 0x0000000088900000|  0%| F|  |TAMS 0x0000000088800000, 0x0000000088800000| Untracked 
| 107|0x0000000088900000, 0x0000000088900000, 0x0000000088a00000|  0%| F|  |TAMS 0x0000000088900000, 0x0000000088900000| Untracked 
| 108|0x0000000088a00000, 0x0000000088a00000, 0x0000000088b00000|  0%| F|  |TAMS 0x0000000088a00000, 0x0000000088a00000| Untracked 
| 109|0x0000000088b00000, 0x0000000088b00000, 0x0000000088c00000|  0%| F|  |TAMS 0x0000000088b00000, 0x0000000088b00000| Untracked 
| 110|0x0000000088c00000, 0x0000000088c00000, 0x0000000088d00000|  0%| F|  |TAMS 0x0000000088c00000, 0x0000000088c00000| Untracked 
| 111|0x0000000088d00000, 0x0000000088d00000, 0x0000000088e00000|  0%| F|  |TAMS 0x0000000088d00000, 0x0000000088d00000| Untracked 
| 112|0x0000000088e00000, 0x0000000088e00000, 0x0000000088f00000|  0%| F|  |TAMS 0x0000000088e00000, 0x0000000088e00000| Untracked 
| 113|0x0000000088f00000, 0x0000000088f00000, 0x0000000089000000|  0%| F|  |TAMS 0x0000000088f00000, 0x0000000088f00000| Untracked 
| 114|0x0000000089000000, 0x0000000089000000, 0x0000000089100000|  0%| F|  |TAMS 0x0000000089000000, 0x0000000089000000| Untracked 
| 115|0x0000000089100000, 0x0000000089100000, 0x0000000089200000|  0%| F|  |TAMS 0x0000000089100000, 0x0000000089100000| Untracked 
| 116|0x0000000089200000, 0x0000000089200000, 0x0000000089300000|  0%| F|  |TAMS 0x0000000089200000, 0x0000000089200000| Untracked 
| 117|0x0000000089300000, 0x0000000089300000, 0x0000000089400000|  0%| F|  |TAMS 0x0000000089300000, 0x0000000089300000| Untracked 
| 118|0x0000000089400000, 0x0000000089400000, 0x0000000089500000|  0%| F|  |TAMS 0x0000000089400000, 0x0000000089400000| Untracked 
| 119|0x0000000089500000, 0x0000000089500000, 0x0000000089600000|  0%| F|  |TAMS 0x0000000089500000, 0x0000000089500000| Untracked 
| 120|0x0000000089600000, 0x0000000089600000, 0x0000000089700000|  0%| F|  |TAMS 0x0000000089600000, 0x0000000089600000| Untracked 
| 121|0x0000000089700000, 0x0000000089700000, 0x0000000089800000|  0%| F|  |TAMS 0x0000000089700000, 0x0000000089700000| Untracked 
| 122|0x0000000089800000, 0x0000000089800000, 0x0000000089900000|  0%| F|  |TAMS 0x0000000089800000, 0x0000000089800000| Untracked 
| 123|0x0000000089900000, 0x00000000899bee38, 0x0000000089a00000| 74%| E|  |TAMS 0x0000000089900000, 0x0000000089900000| Complete 
| 124|0x0000000089a00000, 0x0000000089b00000, 0x0000000089b00000|100%| E|CS|TAMS 0x0000000089a00000, 0x0000000089a00000| Complete 
| 125|0x0000000089b00000, 0x0000000089c00000, 0x0000000089c00000|100%| E|CS|TAMS 0x0000000089b00000, 0x0000000089b00000| Complete 
| 126|0x0000000089c00000, 0x0000000089d00000, 0x0000000089d00000|100%| E|CS|TAMS 0x0000000089c00000, 0x0000000089c00000| Complete 
| 127|0x0000000089d00000, 0x0000000089e00000, 0x0000000089e00000|100%| E|CS|TAMS 0x0000000089d00000, 0x0000000089d00000| Complete 

Card table byte_map: [0x00000207591a0000,0x00000207595a0000] _byte_map_base: 0x0000020758d91000

Marking Bits (Prev, Next): (CMBitMap*) 0x00000207409342c8, (CMBitMap*) 0x0000020740934300
 Prev Bits: [0x00000207599a0000, 0x000002075b928000)
 Next Bits: [0x000002075b930000, 0x000002075d8b8000)

Polling page: 0x00000207409d0000

Metaspace:

Usage:
  Non-class:      8.21 MB capacity,     8.12 MB ( 99%) used,    84.06 KB (  1%) free+waste,     7.88 KB ( <1%) overhead. 
      Class:    879.00 KB capacity,   827.00 KB ( 94%) used,    48.63 KB (  6%) free+waste,     3.38 KB ( <1%) overhead. 
       Both:      9.06 MB capacity,     8.92 MB ( 98%) used,   132.69 KB (  1%) free+waste,    11.25 KB ( <1%) overhead. 

Virtual space:
  Non-class space:       10.00 MB reserved,       8.25 MB ( 83%) committed 
      Class space:        1.00 GB reserved,     896.00 KB ( <1%) committed 
             Both:        1.01 GB reserved,       9.13 MB ( <1%) committed 

Chunk freelists:
   Non-Class:  5.63 KB
       Class:  2.13 KB
        Both:  7.75 KB

CodeHeap 'non-profiled nmethods': size=120064Kb used=105Kb max_used=105Kb free=119958Kb
 bounds [0x0000020751230000, 0x00000207514a0000, 0x0000020758770000]
CodeHeap 'profiled nmethods': size=120000Kb used=580Kb max_used=580Kb free=119420Kb
 bounds [0x0000020749d00000, 0x0000020749f70000, 0x0000020751230000]
CodeHeap 'non-nmethods': size=5696Kb used=1153Kb max_used=1167Kb free=4542Kb
 bounds [0x0000020749770000, 0x00000207499e0000, 0x0000020749d00000]
 total_blobs=771 nmethods=404 adapters=287
 compilation: enabled
              stopped_count=0, restarted_count=0
 full_count=0

Compilation events (10 events):
Event: 173.447 Thread 0x000002075ff41000  400       3       org.eclipse.jdt.launching.internal.org.objectweb.asm.ClassReader::readUtf (161 bytes)
Event: 173.452 Thread 0x000002075ff41000 nmethod 400 0x0000020749d8f590 code [0x0000020749d8f780, 0x0000020749d8fd58]
Event: 181.995 Thread 0x000002075ff41000  402       3       org.eclipse.jdt.launching.internal.org.objectweb.asm.SymbolTable::hash (10 bytes)
Event: 181.995 Thread 0x000002075ff36000  404       4       java.lang.String::charAt (25 bytes)
Event: 181.995 Thread 0x000002075ff41000 nmethod 402 0x0000020749d90110 code [0x0000020749d902c0, 0x0000020749d903e8]
Event: 181.995 Thread 0x000002075ff41000  401       3       org.eclipse.jdt.launching.internal.org.objectweb.asm.SymbolTable::addConstantUtf8 (20 bytes)
Event: 181.995 Thread 0x000002075ff41000 nmethod 401 0x0000020749d90510 code [0x0000020749d906e0, 0x0000020749d90a48]
Event: 181.995 Thread 0x000002075ff41000  403       3       org.eclipse.jdt.launching.internal.org.objectweb.asm.SymbolTable$Entry::<init> (17 bytes)
Event: 181.996 Thread 0x000002075ff41000 nmethod 403 0x0000020749d90c10 code [0x0000020749d90dc0, 0x0000020749d90f48]
Event: 181.997 Thread 0x000002075ff36000 nmethod 404 0x000002075124a290 code [0x000002075124a420, 0x000002075124a588]

GC Heap History (0 events):
No events

Deoptimization events (4 events):
Event: 0.445 Thread 0x00000207408f7800 Uncommon trap: reason=class_check action=maybe_recompile pc=0x0000020751240b94 method=java.util.HashMap.putVal(ILjava/lang/Object;Ljava/lang/Object;ZZ)Ljava/lang/Object; @ 91 c2
Event: 0.445 Thread 0x00000207408f7800 Uncommon trap: reason=class_check action=maybe_recompile pc=0x0000020751240b94 method=java.util.HashMap.putVal(ILjava/lang/Object;Ljava/lang/Object;ZZ)Ljava/lang/Object; @ 91 c2
Event: 0.446 Thread 0x00000207408f7800 Uncommon trap: reason=class_check action=maybe_recompile pc=0x0000020751240b94 method=java.util.HashMap.putVal(ILjava/lang/Object;Ljava/lang/Object;ZZ)Ljava/lang/Object; @ 91 c2
Event: 0.476 Thread 0x00000207408f7800 Uncommon trap: reason=unstable_if action=reinterpret pc=0x000002075123537c method=java.lang.String.charAt(I)C @ 4 c2

Classes redefined (5 events):
Event: 59.141 Thread 0x000002075feec800 redefined class name=com.collection.assignment.DuplicateElements, count=1
Event: 75.203 Thread 0x000002075feec800 redefined class name=com.collection.assignment.DuplicateElements, count=2
Event: 128.943 Thread 0x000002075feec800 redefined class name=com.collection.assignment.DuplicateElements, count=3
Event: 173.450 Thread 0x000002075feec800 redefined class name=com.collection.assignment.DuplicateElements, count=4
Event: 182.000 Thread 0x000002075feec800 redefined class name=com.collection.assignment.DuplicateElements, count=5

Internal exceptions (2 events):
Event: 0.212 Thread 0x00000207408f7800 Exception <a 'java/lang/NoSuchMethodError'{0x0000000089c14168}: java.lang.invoke.DirectMethodHandle$Holder.invokeSpecial(Ljava/lang/Object;Ljava/lang/Object;Ljava/lang/Object;Ljava/lang/Object;)I> (0x0000000089c14168) thrown at [./open/src/hotspot/share/i
Event: 0.216 Thread 0x00000207408f7800 Exception <a 'java/lang/NoSuchMethodError'{0x0000000089c1c5c0}: java.lang.invoke.DirectMethodHandle$Holder.invokeVirtual(Ljava/lang/Object;Ljava/lang/Object;)V> (0x0000000089c1c5c0) thrown at [./open/src/hotspot/share/interpreter/linkResolver.cpp, line 77

Events (10 events):
Event: 182.020 Executing VM operation: GetFrameCount done
Event: 182.020 Executing VM operation: GetStackTrace
Event: 182.020 Executing VM operation: GetStackTrace done
Event: 182.070 Executing VM operation: GetFrameCount
Event: 182.070 Executing VM operation: GetFrameCount done
Event: 182.073 Executing VM operation: GetOwnedMonitorInfo
Event: 182.074 Executing VM operation: GetOwnedMonitorInfo done
Event: 182.074 Executing VM operation: GetCurrentContendedMonitor
Event: 182.074 Executing VM operation: GetCurrentContendedMonitor done
Event: 208.373 Executing VM operation: GetOrSetLocal


Dynamic libraries:
0x00007ff6caf80000 - 0x00007ff6caf8f000 	C:\Program Files\Java\jdk-11.0.15\bin\javaw.exe
0x00007ff8ef1c0000 - 0x00007ff8ef3b0000 	C:\WINDOWS\SYSTEM32\ntdll.dll
0x00007ff8ef010000 - 0x00007ff8ef0c2000 	C:\WINDOWS\System32\KERNEL32.DLL
0x00007ff8ec270000 - 0x00007ff8ec513000 	C:\WINDOWS\System32\KERNELBASE.dll
0x00007ff8ec670000 - 0x00007ff8ec76a000 	C:\WINDOWS\System32\ucrtbase.dll
0x00007ff8e4150000 - 0x00007ff8e4168000 	C:\Program Files\Java\jdk-11.0.15\bin\jli.dll
0x00007ff8eda50000 - 0x00007ff8edaf3000 	C:\WINDOWS\System32\ADVAPI32.dll
0x00007ff8edb00000 - 0x00007ff8edb9e000 	C:\WINDOWS\System32\msvcrt.dll
0x00007ff8ee290000 - 0x00007ff8ee327000 	C:\WINDOWS\System32\sechost.dll
0x00007ff8c9c60000 - 0x00007ff8c9c75000 	C:\Program Files\Java\jdk-11.0.15\bin\VCRUNTIME140.dll
0x00007ff8eebf0000 - 0x00007ff8eed10000 	C:\WINDOWS\System32\RPCRT4.dll
0x00007ff8ee5a0000 - 0x00007ff8ee734000 	C:\WINDOWS\System32\USER32.dll
0x00007ff8ec840000 - 0x00007ff8ec861000 	C:\WINDOWS\System32\win32u.dll
0x00007ff8ed270000 - 0x00007ff8ed296000 	C:\WINDOWS\System32\GDI32.dll
0x00007ff8ed070000 - 0x00007ff8ed204000 	C:\WINDOWS\System32\gdi32full.dll
0x00007ff8ec7a0000 - 0x00007ff8ec83e000 	C:\WINDOWS\System32\msvcp_win.dll
0x00007ff8daae0000 - 0x00007ff8dad65000 	C:\WINDOWS\WinSxS\amd64_microsoft.windows.common-controls_6595b64144ccf1df_6.0.18362.418_none_e6c6b287130d565d\COMCTL32.dll
0x00007ff8ee750000 - 0x00007ff8eea86000 	C:\WINDOWS\System32\combase.dll
0x00007ff8ecff0000 - 0x00007ff8ed070000 	C:\WINDOWS\System32\bcryptPrimitives.dll
0x00007ff8e4c40000 - 0x00007ff8e4c4a000 	C:\WINDOWS\SYSTEM32\VERSION.dll
0x00007ff8eda20000 - 0x00007ff8eda4e000 	C:\WINDOWS\System32\IMM32.DLL
0x00007ff8b8970000 - 0x00007ff8b8a0b000 	C:\Program Files\Java\jdk-11.0.15\bin\msvcp140.dll
0x00007ff8a1370000 - 0x00007ff8a1e86000 	C:\Program Files\Java\jdk-11.0.15\bin\server\jvm.dll
0x00007ff8ee330000 - 0x00007ff8ee338000 	C:\WINDOWS\System32\PSAPI.DLL
0x00007ff8d5150000 - 0x00007ff8d5159000 	C:\WINDOWS\SYSTEM32\WSOCK32.dll
0x00007ff8eef90000 - 0x00007ff8eefff000 	C:\WINDOWS\System32\WS2_32.dll
0x00007ff8ea0a0000 - 0x00007ff8ea0c4000 	C:\WINDOWS\SYSTEM32\WINMM.dll
0x00007ff8ea070000 - 0x00007ff8ea09d000 	C:\WINDOWS\SYSTEM32\WINMMBASE.dll
0x00007ff8ec150000 - 0x00007ff8ec19a000 	C:\WINDOWS\System32\cfgmgr32.dll
0x00007ff8ec0a0000 - 0x00007ff8ec0b1000 	C:\WINDOWS\System32\kernel.appcore.dll
0x00007ff8d8100000 - 0x00007ff8d8110000 	C:\Program Files\Java\jdk-11.0.15\bin\verify.dll
0x00007ff8d4ca0000 - 0x00007ff8d4e94000 	C:\WINDOWS\SYSTEM32\DBGHELP.DLL
0x00007ff8d4fd0000 - 0x00007ff8d4ffa000 	C:\WINDOWS\SYSTEM32\dbgcore.DLL
0x00007ff8c8fb0000 - 0x00007ff8c8fd8000 	C:\Program Files\Java\jdk-11.0.15\bin\java.dll
0x00007ff8d7960000 - 0x00007ff8d796a000 	C:\Program Files\Java\jdk-11.0.15\bin\jimage.dll
0x00007ff8c3500000 - 0x00007ff8c3538000 	C:\Program Files\Java\jdk-11.0.15\bin\jdwp.dll
0x00007ff8e5dd0000 - 0x00007ff8e5dde000 	C:\Program Files\Java\jdk-11.0.15\bin\instrument.dll
0x00007ff8c93f0000 - 0x00007ff8c9406000 	C:\Program Files\Java\jdk-11.0.15\bin\zip.dll
0x00007ff8edba0000 - 0x00007ff8ee285000 	C:\WINDOWS\System32\SHELL32.dll
0x00007ff8ef0d0000 - 0x00007ff8ef179000 	C:\WINDOWS\System32\shcore.dll
0x00007ff8ec870000 - 0x00007ff8ecfef000 	C:\WINDOWS\System32\windows.storage.dll
0x00007ff8ec130000 - 0x00007ff8ec14f000 	C:\WINDOWS\System32\profapi.dll
0x00007ff8ec0c0000 - 0x00007ff8ec10a000 	C:\WINDOWS\System32\powrprof.dll
0x00007ff8ec090000 - 0x00007ff8ec0a0000 	C:\WINDOWS\System32\UMPDC.dll
0x00007ff8eef30000 - 0x00007ff8eef82000 	C:\WINDOWS\System32\shlwapi.dll
0x00007ff8ec1a0000 - 0x00007ff8ec1b7000 	C:\WINDOWS\System32\cryptsp.dll
0x00007ff8c87e0000 - 0x00007ff8c87f9000 	C:\Program Files\Java\jdk-11.0.15\bin\net.dll
0x00007ff8e60d0000 - 0x00007ff8e61c0000 	C:\WINDOWS\SYSTEM32\WINHTTP.dll
0x00007ff8eb900000 - 0x00007ff8eb967000 	C:\WINDOWS\system32\mswsock.dll
0x00007ff8c6cd0000 - 0x00007ff8c6ce2000 	C:\Program Files\Java\jdk-11.0.15\bin\nio.dll
0x00007ff8e5dc0000 - 0x00007ff8e5dca000 	C:\Program Files\Java\jdk-11.0.15\bin\dt_socket.dll
0x00007ff8eb650000 - 0x00007ff8eb71a000 	C:\WINDOWS\SYSTEM32\DNSAPI.dll
0x00007ff8ef000000 - 0x00007ff8ef008000 	C:\WINDOWS\System32\NSI.dll
0x00007ff8eb610000 - 0x00007ff8eb64a000 	C:\WINDOWS\SYSTEM32\IPHLPAPI.DLL
0x00007ff8e2390000 - 0x00007ff8e2407000 	C:\WINDOWS\System32\fwpuclnt.dll
0x00007ff8ec770000 - 0x00007ff8ec796000 	C:\WINDOWS\System32\bcrypt.dll
0x00007ff8dae20000 - 0x00007ff8dae2a000 	C:\Windows\System32\rasadhlp.dll

dbghelp: loaded successfully - version: 4.0.5 - missing functions: none
symbol engine: initialized successfully - sym options: 0x614 - pdb path: .;C:\Program Files\Java\jdk-11.0.15\bin;C:\WINDOWS\SYSTEM32;C:\WINDOWS\WinSxS\amd64_microsoft.windows.common-controls_6595b64144ccf1df_6.0.18362.418_none_e6c6b287130d565d;C:\Program Files\Java\jdk-11.0.15\bin\server

VM Arguments:
jvm_args: -agentlib:jdwp=transport=dt_socket,suspend=y,address=localhost:63087 -javaagent:C:\Users\LENOVO\eclipse\java-2022-06\eclipse\configuration\org.eclipse.osgi\215\0\.cp\lib\javaagent-shaded.jar -Dfile.encoding=UTF-8 --module-path=C:\Users\LENOVO\eclipse-workspace\CollectionAssignment\bin -Djdk.module.main=CollectionAssignment 
java_command: CollectionAssignment/com.collection.assignment.DuplicateElements
java_class_path (initial): <not set>
Launcher Type: SUN_STANDARD

[Global flags]
     intx CICompilerCount                          = 3                                         {product} {ergonomic}
     uint ConcGCThreads                            = 1                                         {product} {ergonomic}
     uint G1ConcRefinementThreads                  = 4                                         {product} {ergonomic}
   size_t G1HeapRegionSize                         = 1048576                                   {product} {ergonomic}
    uintx GCDrainStackTargetSize                   = 64                                        {product} {ergonomic}
   size_t InitialHeapSize                          = 134217728                                 {product} {ergonomic}
   size_t MarkStackSize                            = 4194304                                   {product} {ergonomic}
   size_t MaxHeapSize                              = 2116026368                                {product} {ergonomic}
   size_t MaxNewSize                               = 1268776960                                {product} {ergonomic}
   size_t MinHeapDeltaBytes                        = 1048576                                   {product} {ergonomic}
    uintx NonNMethodCodeHeapSize                   = 5830732                                {pd product} {ergonomic}
    uintx NonProfiledCodeHeapSize                  = 122913754                              {pd product} {ergonomic}
    uintx ProfiledCodeHeapSize                     = 122913754                              {pd product} {ergonomic}
    uintx ReservedCodeCacheSize                    = 251658240                              {pd product} {ergonomic}
     bool SegmentedCodeCache                       = true                                      {product} {ergonomic}
     bool UseCompressedClassPointers               = true                                 {lp64_product} {ergonomic}
     bool UseCompressedOops                        = true                                 {lp64_product} {ergonomic}
     bool UseG1GC                                  = true                                      {product} {ergonomic}
     bool UseLargePagesIndividualAllocation        = false                                  {pd product} {ergonomic}

Logging:
Log output configuration:
 #0: stdout all=warning uptime,level,tags
 #1: stderr all=off uptime,level,tags

Environment Variables:
PATH=C:\Program Files\Common Files\Oracle\Java\javapath;C:\WINDOWS\system32;C:\WINDOWS;C:\WINDOWS\System32\Wbem;C:\WINDOWS\System32\WindowsPowerShell\v1.0\;C:\WINDOWS\System32\OpenSSH\;C:\Program Files\Java\jdk-11.0.15\bin;C:\Program Files\MySQL\MySQL Server 8.0\bin;C:\Program Files\Git\cmd;%Maven_Home%\bin;C:\Program Files\MySQL\MySQL Shell 8.0\bin\;C:\Users\LENOVO\AppData\Local\Microsoft\WindowsApps;;C:\Program Files\JetBrains\IntelliJ IDEA Community Edition 2022.1.2\bin;;C:\Users\LENOVO\AppData\Local\Programs\Microsoft VS Code\bin
USERNAME=LENOVO
OS=Windows_NT
PROCESSOR_IDENTIFIER=Intel64 Family 6 Model 78 Stepping 3, GenuineIntel



---------------  S Y S T E M  ---------------

OS: Windows 10 , 64 bit Build 18362 (10.0.18362.329)

CPU:total 4 (initial active 4) (2 cores per cpu, 2 threads per core) family 6 model 78 stepping 3 microcode 0xd6, cmov, cx8, fxsr, mmx, sse, sse2, sse3, ssse3, sse4.1, sse4.2, popcnt, avx, avx2, aes, clmul, erms, 3dnowpref, lzcnt, ht, tsc, tscinvbit, bmi1, bmi2, adx, fma

Memory: 4k page, system-wide physical 8065M (1017M free)
TotalPageFile size 12929M (AvailPageFile size 2013M)
current process WorkingSet (physical memory assigned to process): 43M, peak: 45M
current process commit charge ("private bytes"): 203M, peak: 204M

vm_info: Java HotSpot(TM) 64-Bit Server VM (11.0.15+8-LTS-149) for windows-amd64 JRE (11.0.15+8-LTS-149), built on Mar  9 2022 22:42:32 by "mach5one" with MS VC++ 15.9 (VS2017)

END.
